{"C:\\projects\\node_accounting-app-v2\\src\\createServer.js": {"path":"C:\\projects\\node_accounting-app-v2\\src\\createServer.js","statementMap":{"0":{"start":{"line":3,"column":16},"end":{"line":3,"column":34}},"1":{"start":{"line":4,"column":13},"end":{"line":4,"column":28}},"2":{"start":{"line":5,"column":20},"end":{"line":5,"column":52}},"3":{"start":{"line":6,"column":23},"end":{"line":6,"column":58}},"4":{"start":{"line":9,"column":14},"end":{"line":9,"column":23}},"5":{"start":{"line":11,"column":2},"end":{"line":11,"column":26}},"6":{"start":{"line":12,"column":2},"end":{"line":12,"column":18}},"7":{"start":{"line":14,"column":2},"end":{"line":14,"column":33}},"8":{"start":{"line":15,"column":2},"end":{"line":15,"column":39}},"9":{"start":{"line":17,"column":2},"end":{"line":17,"column":13}},"10":{"start":{"line":20,"column":0},"end":{"line":22,"column":2}}},"fnMap":{"0":{"name":"createServer","decl":{"start":{"line":8,"column":9},"end":{"line":8,"column":21}},"loc":{"start":{"line":8,"column":24},"end":{"line":18,"column":1}},"line":8}},"branchMap":{},"s":{"0":2,"1":2,"2":2,"3":2,"4":24,"5":24,"6":24,"7":24,"8":24,"9":24,"10":2},"f":{"0":24},"b":{},"_coverageSchema":"1a1c01bbd47fc00a2c39e90264f33305004495a9","hash":"ebd67641a51b25f715e9144037e97e882a630f34"}
,"C:\\projects\\node_accounting-app-v2\\src\\controllers\\expenses.controller.js": {"path":"C:\\projects\\node_accounting-app-v2\\src\\controllers\\expenses.controller.js","statementMap":{"0":{"start":{"line":1,"column":24},"end":{"line":1,"column":63}},"1":{"start":{"line":2,"column":21},"end":{"line":2,"column":57}},"2":{"start":{"line":4,"column":15},"end":{"line":9,"column":1}},"3":{"start":{"line":5,"column":41},"end":{"line":5,"column":50}},"4":{"start":{"line":6,"column":19},"end":{"line":6,"column":49}},"5":{"start":{"line":8,"column":2},"end":{"line":8,"column":21}},"6":{"start":{"line":11,"column":15},"end":{"line":29,"column":1}},"7":{"start":{"line":12,"column":61},"end":{"line":12,"column":69}},"8":{"start":{"line":13,"column":23},"end":{"line":13,"column":57}},"9":{"start":{"line":15,"column":2},"end":{"line":17,"column":3}},"10":{"start":{"line":16,"column":4},"end":{"line":16,"column":31}},"11":{"start":{"line":19,"column":18},"end":{"line":26,"column":3}},"12":{"start":{"line":28,"column":2},"end":{"line":28,"column":32}},"13":{"start":{"line":31,"column":16},"end":{"line":39,"column":1}},"14":{"start":{"line":32,"column":18},"end":{"line":32,"column":63}},"15":{"start":{"line":34,"column":2},"end":{"line":36,"column":3}},"16":{"start":{"line":35,"column":4},"end":{"line":35,"column":31}},"17":{"start":{"line":38,"column":2},"end":{"line":38,"column":32}},"18":{"start":{"line":41,"column":15},"end":{"line":58,"column":1}},"19":{"start":{"line":42,"column":18},"end":{"line":42,"column":63}},"20":{"start":{"line":43,"column":53},"end":{"line":43,"column":61}},"21":{"start":{"line":45,"column":2},"end":{"line":47,"column":3}},"22":{"start":{"line":46,"column":4},"end":{"line":46,"column":31}},"23":{"start":{"line":49,"column":25},"end":{"line":55,"column":3}},"24":{"start":{"line":57,"column":2},"end":{"line":57,"column":27}},"25":{"start":{"line":60,"column":19},"end":{"line":70,"column":1}},"26":{"start":{"line":61,"column":18},"end":{"line":61,"column":63}},"27":{"start":{"line":63,"column":2},"end":{"line":65,"column":3}},"28":{"start":{"line":64,"column":4},"end":{"line":64,"column":31}},"29":{"start":{"line":67,"column":2},"end":{"line":67,"column":47}},"30":{"start":{"line":69,"column":2},"end":{"line":69,"column":22}},"31":{"start":{"line":72,"column":0},"end":{"line":78,"column":2}}},"fnMap":{"0":{"name":"(anonymous_0)","decl":{"start":{"line":4,"column":15},"end":{"line":4,"column":16}},"loc":{"start":{"line":4,"column":35},"end":{"line":9,"column":1}},"line":4},"1":{"name":"(anonymous_1)","decl":{"start":{"line":11,"column":15},"end":{"line":11,"column":16}},"loc":{"start":{"line":11,"column":35},"end":{"line":29,"column":1}},"line":11},"2":{"name":"(anonymous_2)","decl":{"start":{"line":31,"column":16},"end":{"line":31,"column":17}},"loc":{"start":{"line":31,"column":36},"end":{"line":39,"column":1}},"line":31},"3":{"name":"(anonymous_3)","decl":{"start":{"line":41,"column":15},"end":{"line":41,"column":16}},"loc":{"start":{"line":41,"column":35},"end":{"line":58,"column":1}},"line":41},"4":{"name":"(anonymous_4)","decl":{"start":{"line":60,"column":19},"end":{"line":60,"column":20}},"loc":{"start":{"line":60,"column":39},"end":{"line":70,"column":1}},"line":60}},"branchMap":{"0":{"loc":{"start":{"line":15,"column":2},"end":{"line":17,"column":3}},"type":"if","locations":[{"start":{"line":15,"column":2},"end":{"line":17,"column":3}},{"start":{},"end":{}}],"line":15},"1":{"loc":{"start":{"line":15,"column":6},"end":{"line":15,"column":30}},"type":"binary-expr","locations":[{"start":{"line":15,"column":6},"end":{"line":15,"column":13}},{"start":{"line":15,"column":17},"end":{"line":15,"column":30}}],"line":15},"2":{"loc":{"start":{"line":34,"column":2},"end":{"line":36,"column":3}},"type":"if","locations":[{"start":{"line":34,"column":2},"end":{"line":36,"column":3}},{"start":{},"end":{}}],"line":34},"3":{"loc":{"start":{"line":45,"column":2},"end":{"line":47,"column":3}},"type":"if","locations":[{"start":{"line":45,"column":2},"end":{"line":47,"column":3}},{"start":{},"end":{}}],"line":45},"4":{"loc":{"start":{"line":63,"column":2},"end":{"line":65,"column":3}},"type":"if","locations":[{"start":{"line":63,"column":2},"end":{"line":65,"column":3}},{"start":{},"end":{}}],"line":63}},"s":{"0":2,"1":2,"2":2,"3":5,"4":5,"5":5,"6":2,"7":13,"8":13,"9":13,"10":1,"11":12,"12":12,"13":2,"14":3,"15":3,"16":1,"17":2,"18":2,"19":2,"20":2,"21":2,"22":0,"23":2,"24":2,"25":2,"26":2,"27":2,"28":0,"29":2,"30":2,"31":2},"f":{"0":5,"1":13,"2":3,"3":2,"4":2},"b":{"0":[1,12],"1":[13,12],"2":[1,2],"3":[0,2],"4":[0,2]},"_coverageSchema":"1a1c01bbd47fc00a2c39e90264f33305004495a9","hash":"ab98dab603097438eaf30706b2cc6c9c1b07597c"}
,"C:\\projects\\node_accounting-app-v2\\src\\controllers\\users.controller.js": {"path":"C:\\projects\\node_accounting-app-v2\\src\\controllers\\users.controller.js","statementMap":{"0":{"start":{"line":1,"column":21},"end":{"line":1,"column":57}},"1":{"start":{"line":3,"column":15},"end":{"line":7,"column":1}},"2":{"start":{"line":4,"column":16},"end":{"line":4,"column":43}},"3":{"start":{"line":6,"column":2},"end":{"line":6,"column":18}},"4":{"start":{"line":9,"column":15},"end":{"line":19,"column":1}},"5":{"start":{"line":10,"column":15},"end":{"line":10,"column":28}},"6":{"start":{"line":12,"column":2},"end":{"line":14,"column":3}},"7":{"start":{"line":13,"column":4},"end":{"line":13,"column":31}},"8":{"start":{"line":16,"column":15},"end":{"line":16,"column":46}},"9":{"start":{"line":18,"column":2},"end":{"line":18,"column":29}},"10":{"start":{"line":21,"column":16},"end":{"line":29,"column":1}},"11":{"start":{"line":22,"column":15},"end":{"line":22,"column":57}},"12":{"start":{"line":24,"column":2},"end":{"line":26,"column":3}},"13":{"start":{"line":25,"column":4},"end":{"line":25,"column":31}},"14":{"start":{"line":28,"column":2},"end":{"line":28,"column":29}},"15":{"start":{"line":31,"column":18},"end":{"line":41,"column":1}},"16":{"start":{"line":32,"column":15},"end":{"line":32,"column":57}},"17":{"start":{"line":34,"column":2},"end":{"line":36,"column":3}},"18":{"start":{"line":35,"column":4},"end":{"line":35,"column":31}},"19":{"start":{"line":38,"column":2},"end":{"line":38,"column":41}},"20":{"start":{"line":40,"column":2},"end":{"line":40,"column":22}},"21":{"start":{"line":43,"column":15},"end":{"line":54,"column":1}},"22":{"start":{"line":44,"column":15},"end":{"line":44,"column":28}},"23":{"start":{"line":45,"column":15},"end":{"line":45,"column":57}},"24":{"start":{"line":47,"column":2},"end":{"line":49,"column":3}},"25":{"start":{"line":48,"column":4},"end":{"line":48,"column":31}},"26":{"start":{"line":51,"column":22},"end":{"line":51,"column":62}},"27":{"start":{"line":53,"column":2},"end":{"line":53,"column":24}},"28":{"start":{"line":56,"column":0},"end":{"line":62,"column":2}}},"fnMap":{"0":{"name":"(anonymous_0)","decl":{"start":{"line":3,"column":15},"end":{"line":3,"column":16}},"loc":{"start":{"line":3,"column":35},"end":{"line":7,"column":1}},"line":3},"1":{"name":"(anonymous_1)","decl":{"start":{"line":9,"column":15},"end":{"line":9,"column":16}},"loc":{"start":{"line":9,"column":35},"end":{"line":19,"column":1}},"line":9},"2":{"name":"(anonymous_2)","decl":{"start":{"line":21,"column":16},"end":{"line":21,"column":17}},"loc":{"start":{"line":21,"column":36},"end":{"line":29,"column":1}},"line":21},"3":{"name":"(anonymous_3)","decl":{"start":{"line":31,"column":18},"end":{"line":31,"column":19}},"loc":{"start":{"line":31,"column":38},"end":{"line":41,"column":1}},"line":31},"4":{"name":"(anonymous_4)","decl":{"start":{"line":43,"column":15},"end":{"line":43,"column":16}},"loc":{"start":{"line":43,"column":35},"end":{"line":54,"column":1}},"line":43}},"branchMap":{"0":{"loc":{"start":{"line":12,"column":2},"end":{"line":14,"column":3}},"type":"if","locations":[{"start":{"line":12,"column":2},"end":{"line":14,"column":3}},{"start":{},"end":{}}],"line":12},"1":{"loc":{"start":{"line":24,"column":2},"end":{"line":26,"column":3}},"type":"if","locations":[{"start":{"line":24,"column":2},"end":{"line":26,"column":3}},{"start":{},"end":{}}],"line":24},"2":{"loc":{"start":{"line":34,"column":2},"end":{"line":36,"column":3}},"type":"if","locations":[{"start":{"line":34,"column":2},"end":{"line":36,"column":3}},{"start":{},"end":{}}],"line":34},"3":{"loc":{"start":{"line":47,"column":2},"end":{"line":49,"column":3}},"type":"if","locations":[{"start":{"line":47,"column":2},"end":{"line":49,"column":3}},{"start":{},"end":{}}],"line":47}},"s":{"0":2,"1":2,"2":2,"3":2,"4":2,"5":16,"6":16,"7":1,"8":15,"9":15,"10":2,"11":3,"12":3,"13":1,"14":2,"15":2,"16":2,"17":2,"18":0,"19":2,"20":2,"21":2,"22":1,"23":1,"24":1,"25":0,"26":1,"27":1,"28":2},"f":{"0":2,"1":16,"2":3,"3":2,"4":1},"b":{"0":[1,15],"1":[1,2],"2":[0,2],"3":[0,1]},"_coverageSchema":"1a1c01bbd47fc00a2c39e90264f33305004495a9","hash":"7e3ef9dc1baa9941632059178d6407300e299bdd"}
,"C:\\projects\\node_accounting-app-v2\\src\\routes\\expenses.router.js": {"path":"C:\\projects\\node_accounting-app-v2\\src\\routes\\expenses.router.js","statementMap":{"0":{"start":{"line":1,"column":27},"end":{"line":1,"column":72}},"1":{"start":{"line":2,"column":15},"end":{"line":2,"column":33}},"2":{"start":{"line":4,"column":23},"end":{"line":4,"column":31}},"3":{"start":{"line":6,"column":0},"end":{"line":6,"column":51}},"4":{"start":{"line":7,"column":0},"end":{"line":7,"column":52}},"5":{"start":{"line":8,"column":0},"end":{"line":8,"column":55}},"6":{"start":{"line":9,"column":0},"end":{"line":9,"column":61}},"7":{"start":{"line":10,"column":0},"end":{"line":10,"column":56}},"8":{"start":{"line":12,"column":0},"end":{"line":12,"column":32}}},"fnMap":{},"branchMap":{},"s":{"0":2,"1":2,"2":2,"3":2,"4":2,"5":2,"6":2,"7":2,"8":2},"f":{},"b":{},"_coverageSchema":"1a1c01bbd47fc00a2c39e90264f33305004495a9","hash":"bf3638a4d7b109015d9f6d0b3a2c5b63e62b77f3"}
,"C:\\projects\\node_accounting-app-v2\\src\\routes\\users.router.js": {"path":"C:\\projects\\node_accounting-app-v2\\src\\routes\\users.router.js","statementMap":{"0":{"start":{"line":1,"column":15},"end":{"line":1,"column":33}},"1":{"start":{"line":2,"column":24},"end":{"line":2,"column":66}},"2":{"start":{"line":4,"column":20},"end":{"line":4,"column":28}},"3":{"start":{"line":6,"column":0},"end":{"line":6,"column":45}},"4":{"start":{"line":7,"column":0},"end":{"line":7,"column":46}},"5":{"start":{"line":8,"column":0},"end":{"line":8,"column":49}},"6":{"start":{"line":9,"column":0},"end":{"line":9,"column":54}},"7":{"start":{"line":10,"column":0},"end":{"line":10,"column":50}},"8":{"start":{"line":12,"column":0},"end":{"line":12,"column":29}}},"fnMap":{},"branchMap":{},"s":{"0":2,"1":2,"2":2,"3":2,"4":2,"5":2,"6":2,"7":2,"8":2},"f":{},"b":{},"_coverageSchema":"1a1c01bbd47fc00a2c39e90264f33305004495a9","hash":"f37dc82f2e98600319034b2fc1726c0a12db1f19"}
,"C:\\projects\\node_accounting-app-v2\\src\\services\\expenses.service.js": {"path":"C:\\projects\\node_accounting-app-v2\\src\\services\\expenses.service.js","statementMap":{"0":{"start":{"line":1,"column":23},"end":{"line":1,"column":24}},"1":{"start":{"line":2,"column":17},"end":{"line":2,"column":19}},"2":{"start":{"line":4,"column":15},"end":{"line":6,"column":1}},"3":{"start":{"line":5,"column":2},"end":{"line":5,"column":18}},"4":{"start":{"line":8,"column":15},"end":{"line":22,"column":1}},"5":{"start":{"line":9,"column":18},"end":{"line":17,"column":3}},"6":{"start":{"line":19,"column":2},"end":{"line":19,"column":25}},"7":{"start":{"line":21,"column":2},"end":{"line":21,"column":17}},"8":{"start":{"line":24,"column":16},"end":{"line":26,"column":1}},"9":{"start":{"line":25,"column":2},"end":{"line":25,"column":56}},"10":{"start":{"line":25,"column":36},"end":{"line":25,"column":54}},"11":{"start":{"line":28,"column":15},"end":{"line":28,"column":23}},"12":{"start":{"line":30,"column":19},"end":{"line":40,"column":1}},"13":{"start":{"line":31,"column":16},"end":{"line":31,"column":55}},"14":{"start":{"line":31,"column":42},"end":{"line":31,"column":54}},"15":{"start":{"line":33,"column":2},"end":{"line":35,"column":3}},"16":{"start":{"line":34,"column":4},"end":{"line":34,"column":11}},"17":{"start":{"line":37,"column":20},"end":{"line":37,"column":45}},"18":{"start":{"line":39,"column":2},"end":{"line":39,"column":17}},"19":{"start":{"line":42,"column":0},"end":{"line":48,"column":2}}},"fnMap":{"0":{"name":"(anonymous_0)","decl":{"start":{"line":4,"column":15},"end":{"line":4,"column":16}},"loc":{"start":{"line":4,"column":21},"end":{"line":6,"column":1}},"line":4},"1":{"name":"(anonymous_1)","decl":{"start":{"line":8,"column":15},"end":{"line":8,"column":16}},"loc":{"start":{"line":8,"column":67},"end":{"line":22,"column":1}},"line":8},"2":{"name":"(anonymous_2)","decl":{"start":{"line":24,"column":16},"end":{"line":24,"column":17}},"loc":{"start":{"line":24,"column":24},"end":{"line":26,"column":1}},"line":24},"3":{"name":"(anonymous_3)","decl":{"start":{"line":25,"column":23},"end":{"line":25,"column":24}},"loc":{"start":{"line":25,"column":36},"end":{"line":25,"column":54}},"line":25},"4":{"name":"(anonymous_4)","decl":{"start":{"line":28,"column":15},"end":{"line":28,"column":16}},"loc":{"start":{"line":28,"column":21},"end":{"line":28,"column":23}},"line":28},"5":{"name":"(anonymous_5)","decl":{"start":{"line":30,"column":19},"end":{"line":30,"column":20}},"loc":{"start":{"line":30,"column":27},"end":{"line":40,"column":1}},"line":30},"6":{"name":"(anonymous_6)","decl":{"start":{"line":31,"column":35},"end":{"line":31,"column":36}},"loc":{"start":{"line":31,"column":42},"end":{"line":31,"column":54}},"line":31}},"branchMap":{"0":{"loc":{"start":{"line":33,"column":2},"end":{"line":35,"column":3}},"type":"if","locations":[{"start":{"line":33,"column":2},"end":{"line":35,"column":3}},{"start":{},"end":{}}],"line":33}},"s":{"0":2,"1":2,"2":2,"3":5,"4":2,"5":12,"6":12,"7":12,"8":2,"9":7,"10":47,"11":2,"12":2,"13":2,"14":13,"15":2,"16":0,"17":2,"18":2,"19":2},"f":{"0":5,"1":12,"2":7,"3":47,"4":2,"5":2,"6":13},"b":{"0":[0,2]},"_coverageSchema":"1a1c01bbd47fc00a2c39e90264f33305004495a9","hash":"4878577d26d2aa2a4aef6c6250e070f58e4f75c3"}
,"C:\\projects\\node_accounting-app-v2\\src\\services\\users.service.js": {"path":"C:\\projects\\node_accounting-app-v2\\src\\services\\users.service.js","statementMap":{"0":{"start":{"line":1,"column":20},"end":{"line":1,"column":21}},"1":{"start":{"line":2,"column":14},"end":{"line":2,"column":16}},"2":{"start":{"line":4,"column":15},"end":{"line":6,"column":1}},"3":{"start":{"line":5,"column":2},"end":{"line":5,"column":15}},"4":{"start":{"line":8,"column":15},"end":{"line":14,"column":1}},"5":{"start":{"line":9,"column":15},"end":{"line":9,"column":44}},"6":{"start":{"line":11,"column":2},"end":{"line":11,"column":19}},"7":{"start":{"line":13,"column":2},"end":{"line":13,"column":14}},"8":{"start":{"line":16,"column":16},"end":{"line":18,"column":1}},"9":{"start":{"line":17,"column":2},"end":{"line":17,"column":46}},"10":{"start":{"line":17,"column":30},"end":{"line":17,"column":44}},"11":{"start":{"line":20,"column":19},"end":{"line":30,"column":1}},"12":{"start":{"line":21,"column":16},"end":{"line":21,"column":61}},"13":{"start":{"line":21,"column":44},"end":{"line":21,"column":60}},"14":{"start":{"line":23,"column":2},"end":{"line":25,"column":3}},"15":{"start":{"line":24,"column":4},"end":{"line":24,"column":11}},"16":{"start":{"line":27,"column":17},"end":{"line":27,"column":39}},"17":{"start":{"line":29,"column":2},"end":{"line":29,"column":14}},"18":{"start":{"line":32,"column":15},"end":{"line":40,"column":1}},"19":{"start":{"line":33,"column":23},"end":{"line":33,"column":59}},"20":{"start":{"line":33,"column":44},"end":{"line":33,"column":58}},"21":{"start":{"line":35,"column":2},"end":{"line":37,"column":3}},"22":{"start":{"line":36,"column":4},"end":{"line":36,"column":11}},"23":{"start":{"line":39,"column":2},"end":{"line":39,"column":47}},"24":{"start":{"line":42,"column":0},"end":{"line":48,"column":2}}},"fnMap":{"0":{"name":"(anonymous_0)","decl":{"start":{"line":4,"column":15},"end":{"line":4,"column":16}},"loc":{"start":{"line":4,"column":21},"end":{"line":6,"column":1}},"line":4},"1":{"name":"(anonymous_1)","decl":{"start":{"line":8,"column":15},"end":{"line":8,"column":16}},"loc":{"start":{"line":8,"column":25},"end":{"line":14,"column":1}},"line":8},"2":{"name":"(anonymous_2)","decl":{"start":{"line":16,"column":16},"end":{"line":16,"column":17}},"loc":{"start":{"line":16,"column":24},"end":{"line":18,"column":1}},"line":16},"3":{"name":"(anonymous_3)","decl":{"start":{"line":17,"column":20},"end":{"line":17,"column":21}},"loc":{"start":{"line":17,"column":30},"end":{"line":17,"column":44}},"line":17},"4":{"name":"(anonymous_4)","decl":{"start":{"line":20,"column":19},"end":{"line":20,"column":20}},"loc":{"start":{"line":20,"column":27},"end":{"line":30,"column":1}},"line":20},"5":{"name":"(anonymous_5)","decl":{"start":{"line":21,"column":32},"end":{"line":21,"column":33}},"loc":{"start":{"line":21,"column":44},"end":{"line":21,"column":60}},"line":21},"6":{"name":"(anonymous_6)","decl":{"start":{"line":32,"column":15},"end":{"line":32,"column":16}},"loc":{"start":{"line":32,"column":29},"end":{"line":40,"column":1}},"line":32},"7":{"name":"(anonymous_7)","decl":{"start":{"line":33,"column":34},"end":{"line":33,"column":35}},"loc":{"start":{"line":33,"column":44},"end":{"line":33,"column":58}},"line":33}},"branchMap":{"0":{"loc":{"start":{"line":23,"column":2},"end":{"line":25,"column":3}},"type":"if","locations":[{"start":{"line":23,"column":2},"end":{"line":25,"column":3}},{"start":{},"end":{}}],"line":23},"1":{"loc":{"start":{"line":35,"column":2},"end":{"line":37,"column":3}},"type":"if","locations":[{"start":{"line":35,"column":2},"end":{"line":37,"column":3}},{"start":{},"end":{}}],"line":35}},"s":{"0":2,"1":2,"2":2,"3":2,"4":2,"5":15,"6":15,"7":15,"8":2,"9":19,"10":78,"11":2,"12":2,"13":6,"14":2,"15":0,"16":2,"17":2,"18":2,"19":1,"20":5,"21":1,"22":0,"23":1,"24":2},"f":{"0":2,"1":15,"2":19,"3":78,"4":2,"5":6,"6":1,"7":5},"b":{"0":[0,2],"1":[0,1]},"_coverageSchema":"1a1c01bbd47fc00a2c39e90264f33305004495a9","hash":"0d709e7bdd0e98168124cba2ffed7bf78e892071"}
}
