TN:
SF:src\createServer.js
FN:10,createServer
FNF:1
FNH:1
FNDA:10,createServer
DA:3,1
DA:4,1
DA:5,1
DA:6,1
DA:7,1
DA:8,1
DA:11,10
DA:13,10
DA:15,10
DA:16,10
DA:18,10
DA:19,10
DA:21,10
DA:24,1
LF:14
LH:14
BRF:0
BRH:0
end_of_record
TN:
SF:src\controllers\expense.controller.js
FN:4,(anonymous_0)
FN:10,(anonymous_1)
FN:21,(anonymous_2)
FN:70,(anonymous_3)
FN:82,(anonymous_4)
FNF:5
FNH:0
FNDA:0,(anonymous_0)
FNDA:0,(anonymous_1)
FNDA:0,(anonymous_2)
FNDA:0,(anonymous_3)
FNDA:0,(anonymous_4)
DA:1,1
DA:2,1
DA:4,1
DA:5,0
DA:7,0
DA:10,1
DA:11,0
DA:12,0
DA:14,0
DA:15,0
DA:18,0
DA:21,1
DA:22,0
DA:23,0
DA:25,0
DA:26,0
DA:29,0
DA:30,0
DA:33,0
DA:34,0
DA:39,0
DA:40,0
DA:45,0
DA:46,0
DA:51,0
DA:52,0
DA:61,0
DA:63,0
DA:70,1
DA:71,0
DA:72,0
DA:74,0
DA:75,0
DA:78,0
DA:79,0
DA:82,1
DA:83,0
DA:84,0
DA:86,0
DA:88,0
DA:89,0
DA:92,0
DA:94,0
DA:97,1
LF:44
LH:8
BRDA:14,0,0,0
BRDA:14,0,1,0
BRDA:25,1,0,0
BRDA:25,1,1,0
BRDA:25,2,0,0
BRDA:25,2,1,0
BRDA:25,2,2,0
BRDA:25,2,3,0
BRDA:25,2,4,0
BRDA:29,3,0,0
BRDA:29,3,1,0
BRDA:33,4,0,0
BRDA:33,4,1,0
BRDA:33,5,0,0
BRDA:33,5,1,0
BRDA:39,6,0,0
BRDA:39,6,1,0
BRDA:39,7,0,0
BRDA:39,7,1,0
BRDA:45,8,0,0
BRDA:45,8,1,0
BRDA:45,9,0,0
BRDA:45,9,1,0
BRDA:74,10,0,0
BRDA:74,10,1,0
BRDA:88,11,0,0
BRDA:88,11,1,0
BRF:27
BRH:0
end_of_record
TN:
SF:src\controllers\user.controller.js
FN:3,(anonymous_0)
FN:7,(anonymous_1)
FN:18,(anonymous_2)
FN:33,(anonymous_3)
FN:44,(anonymous_4)
FNF:5
FNH:5
FNDA:2,(anonymous_0)
FNDA:3,(anonymous_1)
FNDA:7,(anonymous_2)
FNDA:2,(anonymous_3)
FNDA:1,(anonymous_4)
DA:1,1
DA:3,1
DA:4,2
DA:7,1
DA:8,3
DA:9,3
DA:11,3
DA:12,2
DA:15,1
DA:18,1
DA:19,7
DA:21,7
DA:22,1
DA:28,6
DA:30,6
DA:33,1
DA:34,2
DA:36,2
DA:37,1
DA:40,1
DA:41,1
DA:44,1
DA:45,1
DA:46,1
DA:48,1
DA:49,0
DA:52,1
DA:53,0
DA:59,1
DA:61,1
DA:64,1
LF:31
LH:29
BRDA:11,0,0,2
BRDA:11,0,1,1
BRDA:21,1,0,1
BRDA:21,1,1,6
BRDA:36,2,0,1
BRDA:36,2,1,1
BRDA:48,3,0,0
BRDA:48,3,1,1
BRDA:52,4,0,0
BRDA:52,4,1,1
BRF:10
BRH:8
end_of_record
TN:
SF:src\routes\expense.route.js
FNF:0
FNH:0
DA:1,1
DA:2,1
DA:4,1
DA:6,1
DA:7,1
DA:8,1
DA:9,1
DA:10,1
DA:12,1
LF:9
LH:9
BRF:0
BRH:0
end_of_record
TN:
SF:src\routes\user.route.js
FNF:0
FNH:0
DA:1,1
DA:2,1
DA:4,1
DA:6,1
DA:7,1
DA:8,1
DA:9,1
DA:10,1
DA:12,1
LF:9
LH:9
BRF:0
BRH:0
end_of_record
TN:
SF:src\services\expenses.service.js
FN:5,(anonymous_0)
FN:9,(anonymous_1)
FN:13,(anonymous_2)
FN:17,(anonymous_3)
FN:21,(anonymous_4)
FN:27,(anonymous_5)
FN:28,(anonymous_6)
FN:31,(anonymous_7)
FN:47,(anonymous_8)
FN:48,(anonymous_9)
FN:51,(anonymous_10)
FN:59,(anonymous_11)
FNF:12
FNH:1
FNDA:0,(anonymous_0)
FNDA:0,(anonymous_1)
FNDA:0,(anonymous_2)
FNDA:0,(anonymous_3)
FNDA:0,(anonymous_4)
FNDA:0,(anonymous_5)
FNDA:0,(anonymous_6)
FNDA:0,(anonymous_7)
FNDA:0,(anonymous_8)
FNDA:0,(anonymous_9)
FNDA:0,(anonymous_10)
FNDA:10,(anonymous_11)
DA:1,1
DA:3,1
DA:5,1
DA:6,0
DA:8,0
DA:9,0
DA:12,0
DA:13,0
DA:16,0
DA:17,0
DA:20,0
DA:21,0
DA:24,0
DA:27,1
DA:28,0
DA:31,1
DA:32,0
DA:42,0
DA:44,0
DA:47,1
DA:48,0
DA:51,1
DA:52,0
DA:54,0
DA:56,0
DA:59,1
DA:60,10
DA:63,1
LF:28
LH:10
BRDA:8,0,0,0
BRDA:8,0,1,0
BRDA:12,1,0,0
BRDA:12,1,1,0
BRDA:16,2,0,0
BRDA:16,2,1,0
BRDA:20,3,0,0
BRDA:20,3,1,0
BRDA:28,4,0,0
BRDA:28,4,1,0
BRF:10
BRH:0
end_of_record
TN:
SF:src\services\users.service.js
FN:3,(anonymous_0)
FN:7,(anonymous_1)
FN:8,(anonymous_2)
FN:11,(anonymous_3)
FN:22,(anonymous_4)
FN:23,(anonymous_5)
FN:26,(anonymous_6)
FN:34,(anonymous_7)
FNF:8
FNH:8
FNDA:2,(anonymous_0)
FNDA:7,(anonymous_1)
FNDA:4,(anonymous_2)
FNDA:6,(anonymous_3)
FNDA:1,(anonymous_4)
FNDA:1,(anonymous_5)
FNDA:1,(anonymous_6)
FNDA:10,(anonymous_7)
DA:1,1
DA:3,1
DA:4,2
DA:7,1
DA:8,7
DA:11,1
DA:12,6
DA:17,6
DA:19,6
DA:22,1
DA:23,1
DA:26,1
DA:27,1
DA:29,1
DA:31,1
DA:34,1
DA:35,10
DA:38,1
LF:18
LH:18
BRDA:8,0,0,7
BRDA:8,0,1,3
BRF:2
BRH:2
end_of_record
TN:
SF:src\utils\compareDates.js
FN:1,compareDates
FNF:1
FNH:0
FNDA:0,compareDates
DA:2,0
DA:3,0
DA:6,0
DA:7,0
DA:11,1
LF:5
LH:1
BRDA:2,0,0,0
BRDA:2,0,1,0
BRDA:6,1,0,0
BRDA:6,1,1,0
BRF:4
BRH:0
end_of_record
