TN:
SF:src\createServer.js
FN:8,createServer
FNF:1
FNH:1
FNDA:24,createServer
DA:3,2
DA:4,2
DA:5,2
DA:6,2
DA:9,24
DA:11,24
DA:12,24
DA:14,24
DA:15,24
DA:17,24
DA:20,2
LF:11
LH:11
BRF:0
BRH:0
end_of_record
TN:
SF:src\controllers\expenses.controller.js
FN:4,(anonymous_0)
FN:11,(anonymous_1)
FN:31,(anonymous_2)
FN:41,(anonymous_3)
FN:60,(anonymous_4)
FNF:5
FNH:5
FNDA:5,(anonymous_0)
FNDA:13,(anonymous_1)
FNDA:3,(anonymous_2)
FNDA:2,(anonymous_3)
FNDA:2,(anonymous_4)
DA:1,2
DA:2,2
DA:4,2
DA:5,5
DA:6,5
DA:8,5
DA:11,2
DA:12,13
DA:13,13
DA:15,13
DA:16,1
DA:19,12
DA:28,12
DA:31,2
DA:32,3
DA:34,3
DA:35,1
DA:38,2
DA:41,2
DA:42,2
DA:43,2
DA:45,2
DA:46,0
DA:49,2
DA:57,2
DA:60,2
DA:61,2
DA:63,2
DA:64,0
DA:67,2
DA:69,2
DA:72,2
LF:32
LH:30
BRDA:15,0,0,1
BRDA:15,0,1,12
BRDA:15,1,0,13
BRDA:15,1,1,12
BRDA:34,2,0,1
BRDA:34,2,1,2
BRDA:45,3,0,0
BRDA:45,3,1,2
BRDA:63,4,0,0
BRDA:63,4,1,2
BRF:10
BRH:8
end_of_record
TN:
SF:src\controllers\users.controller.js
FN:3,(anonymous_0)
FN:9,(anonymous_1)
FN:21,(anonymous_2)
FN:31,(anonymous_3)
FN:43,(anonymous_4)
FNF:5
FNH:5
FNDA:2,(anonymous_0)
FNDA:16,(anonymous_1)
FNDA:3,(anonymous_2)
FNDA:2,(anonymous_3)
FNDA:1,(anonymous_4)
DA:1,2
DA:3,2
DA:4,2
DA:6,2
DA:9,2
DA:10,16
DA:12,16
DA:13,1
DA:16,15
DA:18,15
DA:21,2
DA:22,3
DA:24,3
DA:25,1
DA:28,2
DA:31,2
DA:32,2
DA:34,2
DA:35,0
DA:38,2
DA:40,2
DA:43,2
DA:44,1
DA:45,1
DA:47,1
DA:48,0
DA:51,1
DA:53,1
DA:56,2
LF:29
LH:27
BRDA:12,0,0,1
BRDA:12,0,1,15
BRDA:24,1,0,1
BRDA:24,1,1,2
BRDA:34,2,0,0
BRDA:34,2,1,2
BRDA:47,3,0,0
BRDA:47,3,1,1
BRF:8
BRH:6
end_of_record
TN:
SF:src\routes\expenses.router.js
FNF:0
FNH:0
DA:1,2
DA:2,2
DA:4,2
DA:6,2
DA:7,2
DA:8,2
DA:9,2
DA:10,2
DA:12,2
LF:9
LH:9
BRF:0
BRH:0
end_of_record
TN:
SF:src\routes\users.router.js
FNF:0
FNH:0
DA:1,2
DA:2,2
DA:4,2
DA:6,2
DA:7,2
DA:8,2
DA:9,2
DA:10,2
DA:12,2
LF:9
LH:9
BRF:0
BRH:0
end_of_record
TN:
SF:src\services\expenses.service.js
FN:4,(anonymous_0)
FN:8,(anonymous_1)
FN:24,(anonymous_2)
FN:25,(anonymous_3)
FN:28,(anonymous_4)
FN:30,(anonymous_5)
FN:31,(anonymous_6)
FNF:7
FNH:7
FNDA:5,(anonymous_0)
FNDA:12,(anonymous_1)
FNDA:7,(anonymous_2)
FNDA:47,(anonymous_3)
FNDA:2,(anonymous_4)
FNDA:2,(anonymous_5)
FNDA:13,(anonymous_6)
DA:1,2
DA:2,2
DA:4,2
DA:5,5
DA:8,2
DA:9,12
DA:19,12
DA:21,12
DA:24,2
DA:25,47
DA:28,2
DA:30,2
DA:31,13
DA:33,2
DA:34,0
DA:37,2
DA:39,2
DA:42,2
LF:18
LH:17
BRDA:33,0,0,0
BRDA:33,0,1,2
BRF:2
BRH:1
end_of_record
TN:
SF:src\services\users.service.js
FN:4,(anonymous_0)
FN:8,(anonymous_1)
FN:16,(anonymous_2)
FN:17,(anonymous_3)
FN:20,(anonymous_4)
FN:21,(anonymous_5)
FN:32,(anonymous_6)
FN:33,(anonymous_7)
FNF:8
FNH:8
FNDA:2,(anonymous_0)
FNDA:15,(anonymous_1)
FNDA:19,(anonymous_2)
FNDA:78,(anonymous_3)
FNDA:2,(anonymous_4)
FNDA:6,(anonymous_5)
FNDA:1,(anonymous_6)
FNDA:5,(anonymous_7)
DA:1,2
DA:2,2
DA:4,2
DA:5,2
DA:8,2
DA:9,15
DA:11,15
DA:13,15
DA:16,2
DA:17,78
DA:20,2
DA:21,6
DA:23,2
DA:24,0
DA:27,2
DA:29,2
DA:32,2
DA:33,5
DA:35,1
DA:36,0
DA:39,1
DA:42,2
LF:22
LH:20
BRDA:23,0,0,0
BRDA:23,0,1,2
BRDA:35,1,0,0
BRDA:35,1,1,1
BRF:4
BRH:2
end_of_record
